#-----------------------------------------------------------
# Vivado v2018.2 (64-bit)
# SW Build 2258646 on Thu Jun 14 20:02:38 MDT 2018
# IP Build 2256618 on Thu Jun 14 22:10:49 MDT 2018
# Start of session at: Thu Nov 21 09:00:01 2024
# Process ID: 3727
# Current directory: /nfs/home/y/y_assefa/COEN316/LABS/LAB4
# Command line: vivado
# Log file: /nfs/home/y/y_assefa/COEN316/LABS/LAB4/vivado.log
# Journal file: /nfs/home/y/y_assefa/COEN316/LABS/LAB4/vivado.jou
#-----------------------------------------------------------
start_gui
open_project /nfs/home/y/y_assefa/COEN316/LABS/LAB4/lab4-p1p2/lab4-p1p2.xpr
Scanning sources...
Finished scanning sources
INFO: [IP_Flow 19-234] Refreshing IP repositories
INFO: [IP_Flow 19-1704] No user IP repositories specified
INFO: [IP_Flow 19-2313] Loaded Vivado IP repository '/CMC/tools/xilinx/Vivado_2018.2/Vivado/2018.2/data/ip'.
open_project: Time (s): cpu = 00:00:15 ; elapsed = 00:00:11 . Memory (MB): peak = 6280.961 ; gain = 121.137 ; free physical = 12173 ; free virtual = 23722
update_compile_order -fileset sources_1
reset_run synth_1
launch_runs synth_1 -jobs 3
[Thu Nov 21 09:12:48 2024] Launched synth_1...
Run output will be captured here: /nfs/home/y/y_assefa/COEN316/LABS/LAB4/lab4-p1p2/lab4-p1p2.runs/synth_1/runme.log
launch_runs impl_1 -jobs 3
[Thu Nov 21 09:14:08 2024] Launched impl_1...
Run output will be captured here: /nfs/home/y/y_assefa/COEN316/LABS/LAB4/lab4-p1p2/lab4-p1p2.runs/impl_1/runme.log
launch_runs impl_1 -to_step write_bitstream -jobs 3
[Thu Nov 21 09:16:14 2024] Launched impl_1...
Run output will be captured here: /nfs/home/y/y_assefa/COEN316/LABS/LAB4/lab4-p1p2/lab4-p1p2.runs/impl_1/runme.log
open_run impl_1
INFO: [Netlist 29-17] Analyzing 14 Unisim elements for replacement
INFO: [Netlist 29-28] Unisim Transformation completed in 0 CPU seconds
INFO: [Project 1-479] Netlist was created with Vivado 2018.2
INFO: [Device 21-403] Loading part xc7a100tcsg324-1
INFO: [Project 1-570] Preparing netlist for logic optimization
INFO: [Timing 38-478] Restoring timing data from binary archive.
INFO: [Timing 38-479] Binary timing data restore complete.
INFO: [Project 1-856] Restoring constraints from binary archive.
INFO: [Project 1-853] Binary constraint restore complete.
Reading XDEF placement.
Reading placer database...
Reading XDEF routing.
Read XDEF File: Time (s): cpu = 00:00:00.01 ; elapsed = 00:00:00.01 . Memory (MB): peak = 7016.398 ; gain = 0.000 ; free physical = 11431 ; free virtual = 23073
Restored from archive | CPU: 0.010000 secs | Memory: 0.099442 MB |
Finished XDEF File Restore: Time (s): cpu = 00:00:00.01 ; elapsed = 00:00:00.02 . Memory (MB): peak = 7016.398 ; gain = 0.000 ; free physical = 11431 ; free virtual = 23073
INFO: [Project 1-111] Unisim Transformation Summary:
No Unisim elements were transformed.

open_run: Time (s): cpu = 00:00:22 ; elapsed = 00:01:07 . Memory (MB): peak = 7175.555 ; gain = 847.609 ; free physical = 11339 ; free virtual = 22984
WARNING: [Timing 38-313] There are no user specified timing constraints. Timing constraints are needed for proper timing analysis.
update_compile_order -fileset sources_1
update_compile_order -fileset sources_1
update_compile_order -fileset sources_1
reset_run synth_1
launch_runs synth_1 -jobs 3
[Thu Nov 21 11:31:07 2024] Launched synth_1...
Run output will be captured here: /nfs/home/y/y_assefa/COEN316/LABS/LAB4/lab4-p1p2/lab4-p1p2.runs/synth_1/runme.log
launch_runs impl_1 -jobs 3
[Thu Nov 21 11:32:16 2024] Launched impl_1...
Run output will be captured here: /nfs/home/y/y_assefa/COEN316/LABS/LAB4/lab4-p1p2/lab4-p1p2.runs/impl_1/runme.log
reset_run synth_1
launch_runs synth_1 -jobs 3
[Thu Nov 21 11:34:07 2024] Launched synth_1...
Run output will be captured here: /nfs/home/y/y_assefa/COEN316/LABS/LAB4/lab4-p1p2/lab4-p1p2.runs/synth_1/runme.log
launch_runs impl_1 -jobs 3
[Thu Nov 21 11:35:28 2024] Launched impl_1...
Run output will be captured here: /nfs/home/y/y_assefa/COEN316/LABS/LAB4/lab4-p1p2/lab4-p1p2.runs/impl_1/runme.log
launch_runs impl_1 -to_step write_bitstream -jobs 3
[Thu Nov 21 11:37:36 2024] Launched impl_1...
Run output will be captured here: /nfs/home/y/y_assefa/COEN316/LABS/LAB4/lab4-p1p2/lab4-p1p2.runs/impl_1/runme.log
